<?xml version="1.0" encoding="UTF-8"?>
<testng-results ignored="0" total="1" passed="1" failed="0" skipped="0">
  <reporter-output>
  </reporter-output>
  <suite started-at="2022-01-24T20:21:16 IST" name="Suite1" finished-at="2022-01-24T20:21:32 IST" duration-ms="16277">
    <groups>
    </groups>
    <test started-at="2022-01-24T20:21:16 IST" name="Nopackage" finished-at="2022-01-24T20:21:32 IST" duration-ms="16277">
      <class name="SeleniumTests">
        <test-method signature="firstTest()[pri:0, instance:SeleniumTests@b2c9a9c]" started-at="2022-01-24T20:21:16 IST" name="firstTest" finished-at="2022-01-24T20:21:32 IST" duration-ms="15454" status="PASS">
          <reporter-output>
          </reporter-output>
        </test-method> <!-- firstTest -->
        <test-method is-config="true" signature="tearDown()[pri:0, instance:SeleniumTests@b2c9a9c]" started-at="2022-01-24T20:21:32 IST" name="tearDown" finished-at="2022-01-24T20:21:32 IST" duration-ms="790" status="PASS">
          <reporter-output>
          </reporter-output>
        </test-method> <!-- tearDown -->
      </class> <!-- SeleniumTests -->
    </test> <!-- Nopackage -->
  </suite> <!-- Suite1 -->
</testng-results>
